<?xml version="1.0" encoding="UTF-8"?>
<testsuite xmlns:xsi="http://www.w3.org/2001/XMLSchema-instance" xsi:noNamespaceSchemaLocation="https://maven.apache.org/surefire/maven-surefire-plugin/xsd/surefire-test-report-3.0.xsd" version="3.0" name="Controladores.metodosTest" time="0.47" tests="30" errors="0" skipped="0" failures="0">
  <properties>
    <property name="sun.desktop" value="windows"/>
    <property name="awt.toolkit" value="sun.awt.windows.WToolkit"/>
    <property name="file.encoding.pkg" value="sun.io"/>
    <property name="java.specification.version" value="1.8"/>
    <property name="sun.cpu.isalist" value="amd64"/>
    <property name="sun.jnu.encoding" value="Cp1252"/>
    <property name="java.class.path" value="C:\Users\Luis Fernando\Documents\NetBeansProjects\TFMSihuac\target\test-classes;C:\Users\Luis Fernando\Documents\NetBeansProjects\TFMSihuac\target\classes;C:\Users\Luis Fernando\.m2\repository\org\postgresql\postgresql\42.6.1\postgresql-42.6.1.jar;C:\Users\Luis Fernando\.m2\repository\org\checkerframework\checker-qual\3.31.0\checker-qual-3.31.0.jar;C:\Users\Luis Fernando\.m2\repository\com\toedter\jcalendar\1.4\jcalendar-1.4.jar;C:\Users\Luis Fernando\.m2\repository\junit\junit\4.12\junit-4.12.jar;C:\Users\Luis Fernando\.m2\repository\org\hamcrest\hamcrest-core\1.3\hamcrest-core-1.3.jar;"/>
    <property name="java.vm.vendor" value="Oracle Corporation"/>
    <property name="sun.arch.data.model" value="64"/>
    <property name="user.variant" value=""/>
    <property name="java.vendor.url" value="http://java.oracle.com/"/>
    <property name="user.timezone" value="America/Bogota"/>
    <property name="java.vm.specification.version" value="1.8"/>
    <property name="os.name" value="Windows 8.1"/>
    <property name="sun.java.launcher" value="SUN_STANDARD"/>
    <property name="user.country" value="EC"/>
    <property name="sun.boot.library.path" value="C:\Program Files\Java\jdk1.8.0_20\jre\bin"/>
    <property name="sun.java.command" value="C:\Users\Luis Fernando\AppData\Local\Temp\surefire8816354355990592977\surefirebooter-20240312224309517_3.jar C:\Users\Luis Fernando\AppData\Local\Temp\surefire8816354355990592977 2024-03-12T22-43-09_026-jvmRun1 surefire-20240312224309517_1tmp surefire_0-20240312224309517_2tmp"/>
    <property name="surefire.test.class.path" value="C:\Users\Luis Fernando\Documents\NetBeansProjects\TFMSihuac\target\test-classes;C:\Users\Luis Fernando\Documents\NetBeansProjects\TFMSihuac\target\classes;C:\Users\Luis Fernando\.m2\repository\org\postgresql\postgresql\42.6.1\postgresql-42.6.1.jar;C:\Users\Luis Fernando\.m2\repository\org\checkerframework\checker-qual\3.31.0\checker-qual-3.31.0.jar;C:\Users\Luis Fernando\.m2\repository\com\toedter\jcalendar\1.4\jcalendar-1.4.jar;C:\Users\Luis Fernando\.m2\repository\junit\junit\4.12\junit-4.12.jar;C:\Users\Luis Fernando\.m2\repository\org\hamcrest\hamcrest-core\1.3\hamcrest-core-1.3.jar;"/>
    <property name="sun.cpu.endian" value="little"/>
    <property name="user.home" value="C:\Users\Luis Fernando"/>
    <property name="user.language" value="es"/>
    <property name="java.specification.vendor" value="Oracle Corporation"/>
    <property name="java.home" value="C:\Program Files\Java\jdk1.8.0_20\jre"/>
    <property name="basedir" value="C:\Users\Luis Fernando\Documents\NetBeansProjects\TFMSihuac"/>
    <property name="file.separator" value="\"/>
    <property name="line.separator" value="&#10;"/>
    <property name="java.vm.specification.vendor" value="Oracle Corporation"/>
    <property name="java.specification.name" value="Java Platform API Specification"/>
    <property name="java.awt.graphicsenv" value="sun.awt.Win32GraphicsEnvironment"/>
    <property name="surefire.real.class.path" value="C:\Users\Luis Fernando\AppData\Local\Temp\surefire8816354355990592977\surefirebooter-20240312224309517_3.jar"/>
    <property name="sun.boot.class.path" value="C:\Program Files\Java\jdk1.8.0_20\jre\lib\resources.jar;C:\Program Files\Java\jdk1.8.0_20\jre\lib\rt.jar;C:\Program Files\Java\jdk1.8.0_20\jre\lib\sunrsasign.jar;C:\Program Files\Java\jdk1.8.0_20\jre\lib\jsse.jar;C:\Program Files\Java\jdk1.8.0_20\jre\lib\jce.jar;C:\Program Files\Java\jdk1.8.0_20\jre\lib\charsets.jar;C:\Program Files\Java\jdk1.8.0_20\jre\lib\jfr.jar;C:\Program Files\Java\jdk1.8.0_20\jre\classes"/>
    <property name="user.script" value=""/>
    <property name="sun.management.compiler" value="HotSpot 64-Bit Tiered Compilers"/>
    <property name="java.runtime.version" value="1.8.0_20-b26"/>
    <property name="user.name" value="Luis Fernando"/>
    <property name="path.separator" value=";"/>
    <property name="os.version" value="6.3"/>
    <property name="java.endorsed.dirs" value="C:\Program Files\Java\jdk1.8.0_20\jre\lib\endorsed"/>
    <property name="java.runtime.name" value="Java(TM) SE Runtime Environment"/>
    <property name="file.encoding" value="UTF-8"/>
    <property name="java.vm.name" value="Java HotSpot(TM) 64-Bit Server VM"/>
    <property name="maven.ext.class.path" value="C:\Program Files\NetBeans 8.1 RC\java\maven-nblib\netbeans-eventspy.jar"/>
    <property name="localRepository" value="C:\Users\Luis Fernando\.m2\repository"/>
    <property name="java.vendor.url.bug" value="http://bugreport.sun.com/bugreport/"/>
    <property name="java.io.tmpdir" value="C:\Users\LUISFE~1\AppData\Local\Temp\"/>
    <property name="java.version" value="1.8.0_20"/>
    <property name="user.dir" value="C:\Users\Luis Fernando\Documents\NetBeansProjects\TFMSihuac"/>
    <property name="os.arch" value="amd64"/>
    <property name="java.vm.specification.name" value="Java Virtual Machine Specification"/>
    <property name="java.awt.printerjob" value="sun.awt.windows.WPrinterJob"/>
    <property name="sun.os.patch.level" value=""/>
    <property name="java.library.path" value="C:\Program Files\Java\jdk1.8.0_20\jre\bin;C:\WINDOWS\Sun\Java\bin;C:\WINDOWS\system32;C:\WINDOWS;C:\Program Files\Common Files\Oracle\Java\javapath;C:\Program Files (x86)\Common Files\Oracle\Java\javapath;C:\ProgramData\Oracle\Java\javapath;C:\WINDOWS\system32;C:\WINDOWS;C:\WINDOWS\System32\Wbem;C:\WINDOWS\System32\WindowsPowerShell\v1.0\;C:\WINDOWS\System32\OpenSSH\;C:\Program Files\dotnet\;C:\Program Files\Microsoft SQL Server\130\Tools\Binn\;C:\Program Files\Microsoft SQL Server\Client SDK\ODBC\170\Tools\Binn\;C:\Program Files (x86)\Microsoft SQL Server\150\Tools\Binn\;C:\Program Files\Microsoft SQL Server\150\Tools\Binn\;C:\Program Files\Microsoft SQL Server\150\DTS\Binn\;C:\Program Files (x86)\Microsoft SQL Server\150\DTS\Binn\;C:\HashiCorp\Vagrant\bin;C:\Program Files\;C:\Users\;C:\Program Files\Amazon\AWSCLIV2\;C:\Program Files\Git\cmd;C:\Program Files\nodejs\;C:\Users\Luis Fernando\.m2\repository\org\postgresql\postgresql\42.6.1;C:\Program Files\Java\jdk-17\bin;%M2_HOME%\bin;C:\Users\Luis Fernando\AppData\Local\Microsoft\WindowsApps;C:\Users\Luis Fernando\.dotnet\tools;C:\Program Files\Azure Data Studio\bin;C:\Users\Luis Fernando\AppData\Local\Programs\Microsoft VS Code\bin;C:\Users\Luis Fernando\AppData\Roaming\npm;C:\Users\Luis Fernando\.m2\repository\org\postgresql\postgresql\42.6.1;C:\Users\Luis Fernando\AppData\Local\GitHubDesktop\bin;C:\Program Files\JetBrains\IntelliJ IDEA 2023.2.2\bin;;C:\apache-maven-3.9.5\bin;;."/>
    <property name="java.vm.info" value="mixed mode"/>
    <property name="java.vendor" value="Oracle Corporation"/>
    <property name="java.vm.version" value="25.20-b23"/>
    <property name="java.ext.dirs" value="C:\Program Files\Java\jdk1.8.0_20\jre\lib\ext;C:\WINDOWS\Sun\Java\lib\ext"/>
    <property name="sun.io.unicode.encoding" value="UnicodeLittle"/>
    <property name="java.class.version" value="52.0"/>
  </properties>
  <testcase name="testCompararEntreFechasFechaDentroDelRango" classname="Controladores.metodosTest" time="0.012"/>
  <testcase name="testIsDoubleConCadenaVacia" classname="Controladores.metodosTest" time="0.0"/>
  <testcase name="testIsNumericConCadenaVacia" classname="Controladores.metodosTest" time="0.0"/>
  <testcase name="testComprobarClave" classname="Controladores.metodosTest" time="0.0"/>
  <testcase name="testRedondearConDecimalPositivo" classname="Controladores.metodosTest" time="0.0"/>
  <testcase name="testIsNumericConCadenaNumerica" classname="Controladores.metodosTest" time="0.0"/>
  <testcase name="testRedondearConDecimalNegativo" classname="Controladores.metodosTest" time="0.0"/>
  <testcase name="testBotonInvisible" classname="Controladores.metodosTest" time="0.061"/>
  <testcase name="testIsNumericConCadenaNula" classname="Controladores.metodosTest" time="0.0"/>
  <testcase name="testValidadorDeCedulaCedulaIncorrectaLongitud" classname="Controladores.metodosTest" time="0.0"/>
  <testcase name="testCambiarImgBoton_JButton_String" classname="Controladores.metodosTest" time="0.209"/>
  <testcase name="testCompararEntreFechasFechaFueraDelRango" classname="Controladores.metodosTest" time="0.0"/>
  <testcase name="testValidadorDeCedulaCedulaIncorrectaFormato" classname="Controladores.metodosTest" time="0.001"/>
  <testcase name="testIsNumericConCadenaNoNumerica" classname="Controladores.metodosTest" time="0.0"/>
  <testcase name="testValidadorDeCedulaCedulaIncorrectaDigitoVerificador" classname="Controladores.metodosTest" time="0.001"/>
  <testcase name="testLimpiarTexto" classname="Controladores.metodosTest" time="0.086"/>
  <testcase name="testDateAStringConFechaValida" classname="Controladores.metodosTest" time="0.0"/>
  <testcase name="testConvertirADoubleConCadenaNula" classname="Controladores.metodosTest" time="0.0"/>
  <testcase name="testBtnDefecto" classname="Controladores.metodosTest" time="0.005"/>
  <testcase name="testConvertirADoubleConCadenaNoValida" classname="Controladores.metodosTest" time="0.0"/>
  <testcase name="testConvertirADoubleConCadenaValida" classname="Controladores.metodosTest" time="0.0"/>
  <testcase name="testConvertirADoubleConCadenaVacia" classname="Controladores.metodosTest" time="0.001"/>
  <testcase name="testHoraFormatoCorrecto" classname="Controladores.metodosTest" time="0.0"/>
  <testcase name="testIsDoubleConCadenaNoValida" classname="Controladores.metodosTest" time="0.0"/>
  <testcase name="testDateAStringConFechaNula" classname="Controladores.metodosTest" time="0.001"/>
  <testcase name="testObtenerDatosSumadosJTable" classname="Controladores.metodosTest" time="0.009"/>
  <testcase name="testValidadorDeCedulaCedulaCorrecta" classname="Controladores.metodosTest" time="0.0"/>
  <testcase name="testObtenerDatosSumadosJTableColumnaInexistente" classname="Controladores.metodosTest" time="0.001"/>
  <testcase name="testIsDoubleConCadenaNula" classname="Controladores.metodosTest" time="0.0"/>
  <testcase name="testIsDoubleConCadenaValida" classname="Controladores.metodosTest" time="0.0"/>
</testsuite>